0 info it worked if it ends with ok
1 verbose cli [ 'E:\\install\\nodejs\\node.exe',
1 verbose cli   'C:\\Users\\su\\AppData\\Roaming\\npm\\node_modules\\npm\\bin\\npm-cli.js',
1 verbose cli   'start' ]
2 info using npm@3.3.12
3 info using node@v6.1.0
4 verbose run-script [ 'prestart', 'start', 'poststart' ]
5 info lifecycle react_android@1.0.0~prestart: react_android@1.0.0
6 silly lifecycle react_android@1.0.0~prestart: no script for prestart, continuing
7 info lifecycle react_android@1.0.0~start: react_android@1.0.0
8 verbose lifecycle react_android@1.0.0~start: unsafe-perm in lifecycle true
9 verbose lifecycle react_android@1.0.0~start: PATH: C:\Users\su\AppData\Roaming\npm\node_modules\npm\bin\node-gyp-bin;D:\project\androidstudioproject\react_android\node_modules\.bin;C:\Program Files (x86)\NVIDIA Corporation\PhysX\Common;C:\Program Files (x86)\Intel\iCLS Client\;C:\Program Files\Intel\iCLS Client\;C:\WINDOWS\system32;C:\WINDOWS;C:\WINDOWS\System32\Wbem;C:\WINDOWS\System32\WindowsPowerShell\v1.0\;C:\Program Files\Intel\Intel(R) Management Engine Components\DAL;C:\Program Files\Intel\Intel(R) Management Engine Components\IPT;C:\Program Files (x86)\Intel\Intel(R) Management Engine Components\DAL;C:\Program Files (x86)\Intel\Intel(R) Management Engine Components\IPT;C:\Program Files (x86)\Microsoft ASP.NET\ASP.NET Web Pages\v1.0\;C:\Program Files\Common Files\Autodesk Shared\;E:\android\android_adt_eclipse\sdk\platform-tools;E:\android\android_adt_eclipse\sdk\tools;;E:\install\tortoiesSVN\bin;E:\install\java\bin;E:\install\java\jre\bin;E:\install\apache-ant-1.9.4\bin;E:\install\tortonigit\bin;E:\install\git\Git\bin;E:\install\gradle-2.10\bin;E:\install\powerbuilder\Shared\PowerBuilder;E:\install\powerbuilder\Shared\Web Targets;E:\install\python-3.5.1rc1-embed-amd64\;C:\Users\su\.dnx\bin;C:\Program Files\Microsoft DNX\Dnvm\;C:\Program Files\Microsoft SQL Server\130\Tools\Binn\;C:\Program Files\Microsoft\Web Platform Installer\;C:\Program Files (x86)\Microsoft Emulator Manager\1.0\;C:\Program Files (x86)\Windows Kits\10\Windows Performance Toolkit\;E:\install\nodejs\;C:\Program Files (x86)\GtkSharp\2.12\bin;E:\install\java\apache-maven-3.3.9\bin;C:\Users\su\AppData\Roaming\npm
10 verbose lifecycle react_android@1.0.0~start: CWD: D:\project\androidstudioproject\react_android
11 silly lifecycle react_android@1.0.0~start: Args: [ '/d /s /c',
11 silly lifecycle   'node node_modules/react-native/local-cli/cli.js start' ]
12 silly lifecycle react_android@1.0.0~start: Returned: code: 1  signal: null
13 info lifecycle react_android@1.0.0~start: Failed to exec start script
14 verbose stack Error: react_android@1.0.0 start: `node node_modules/react-native/local-cli/cli.js start`
14 verbose stack Exit status 1
14 verbose stack     at EventEmitter.<anonymous> (C:\Users\su\AppData\Roaming\npm\node_modules\npm\lib\utils\lifecycle.js:232:16)
14 verbose stack     at emitTwo (events.js:106:13)
14 verbose stack     at EventEmitter.emit (events.js:191:7)
14 verbose stack     at ChildProcess.<anonymous> (C:\Users\su\AppData\Roaming\npm\node_modules\npm\lib\utils\spawn.js:24:14)
14 verbose stack     at emitTwo (events.js:106:13)
14 verbose stack     at ChildProcess.emit (events.js:191:7)
14 verbose stack     at maybeClose (internal/child_process.js:850:16)
14 verbose stack     at Process.ChildProcess._handle.onexit (internal/child_process.js:215:5)
15 verbose pkgid react_android@1.0.0
16 verbose cwd D:\project\androidstudioproject\react_android
17 error Windows_NT 10.0.10586
18 error argv "E:\\install\\nodejs\\node.exe" "C:\\Users\\su\\AppData\\Roaming\\npm\\node_modules\\npm\\bin\\npm-cli.js" "start"
19 error node v6.1.0
20 error npm  v3.3.12
21 error code ELIFECYCLE
22 error react_android@1.0.0 start: `node node_modules/react-native/local-cli/cli.js start`
22 error Exit status 1
23 error Failed at the react_android@1.0.0 start script 'node node_modules/react-native/local-cli/cli.js start'.
23 error Make sure you have the latest version of node.js and npm installed.
23 error If you do, this is most likely a problem with the react_android package,
23 error not with npm itself.
23 error Tell the author that this fails on your system:
23 error     node node_modules/react-native/local-cli/cli.js start
23 error You can get their info via:
23 error     npm owner ls react_android
23 error There is likely additional logging output above.
24 verbose exit [ 1, true ]
